This file contains any messages produced by compilers while
running configure, to aid debugging if configure makes a mistake.

It was created by libimbw configure x, which was
generated by GNU Autoconf 2.53.  Invocation command line was

  $ ./configure 

## --------- ##
## Platform. ##
## --------- ##

hostname = smeagol
uname -m = i686
uname -r = 2.4.22
uname -s = Linux
uname -v = #1 Wed Sep 17 18:48:46 CEST 2003

/usr/bin/uname -p = unknown
/bin/uname -X     = unknown

/bin/arch              = i686
/usr/bin/arch -k       = unknown
/usr/convex/getsysinfo = unknown
hostinfo               = unknown
/bin/machine           = unknown
/usr/bin/oslevel       = unknown
/bin/universe          = unknown

PATH: /usr/local/sbin
PATH: /usr/local/bin
PATH: /usr/sbin
PATH: /usr/bin
PATH: /sbin
PATH: /bin
PATH: /usr/bin/X11


## ----------- ##
## Core tests. ##
## ----------- ##

configure:1291: checking for gcc
configure:1307: found /usr/bin/gcc
configure:1317: result: gcc
configure:1561: checking for C compiler version
configure:1564: gcc --version </dev/null >&5
2.95.4
configure:1567: $? = 0
configure:1569: gcc -v </dev/null >&5
Reading specs from /usr/lib/gcc-lib/i386-linux/2.95.4/specs
gcc version 2.95.4 20011002 (Debian prerelease)
configure:1572: $? = 0
configure:1574: gcc -V </dev/null >&5
gcc: argument to `-V' is missing
configure:1577: $? = 1
configure:1603: checking for C compiler default output
configure:1606: gcc    conftest.c  >&5
configure:1609: $? = 0
configure:1642: result: a.out
configure:1647: checking whether the C compiler works
configure:1653: ./a.out
configure:1656: $? = 0
configure:1671: result: yes
configure:1678: checking whether we are cross compiling
configure:1680: result: no
configure:1683: checking for suffix of executables
configure:1685: gcc -o conftest    conftest.c  >&5
configure:1688: $? = 0
configure:1710: result: 
configure:1716: checking for suffix of object files
configure:1740: gcc -c   conftest.c >&5
configure:1743: $? = 0
configure:1762: result: o
configure:1766: checking whether we are using the GNU C compiler
configure:1793: gcc -c   conftest.c >&5
configure:1796: $? = 0
configure:1799: test -s conftest.o
configure:1802: $? = 0
configure:1814: result: yes
configure:1820: checking whether gcc accepts -g
configure:1844: gcc -c -g  conftest.c >&5
configure:1847: $? = 0
configure:1850: test -s conftest.o
configure:1853: $? = 0
configure:1863: result: yes
configure:1890: gcc -c -g -O2  conftest.c >&5
conftest.c:2: parse error before `me'
configure:1893: $? = 1
configure: failed program was:
#ifndef __cplusplus
  choke me
#endif
configure:2009: checking for shtool
configure:2038: result: no
configure:2050: checking for ar
configure:2066: found /usr/bin/ar
configure:2076: result: ar
configure:2087: checking whether make sets ${MAKE}
configure:2107: result: yes
configure:2149: checking build system type
configure:2167: result: i686-pc-linux-gnu
configure:2175: checking host system type
configure:2189: result: i686-pc-linux-gnu
configure:2216: checking for pcap_open_live in -lpcap
configure:2249: gcc -o conftest -O2 -funroll-loops -fomit-frame-pointer -Wall    conftest.c -lpcap   >&5
configure:2252: $? = 0
configure:2255: test -s conftest
configure:2258: $? = 0
configure:2269: result: yes
configure:2284: checking for pthread_create in -lpthread
configure:2317: gcc -o conftest -O2 -funroll-loops -fomit-frame-pointer -Wall    conftest.c -lpthread   >&5
configure:2320: $? = 0
configure:2323: test -s conftest
configure:2326: $? = 0
configure:2337: result: yes
configure:2352: checking for BF_set_key in -lcrypto
configure:2385: gcc -o conftest -O2 -funroll-loops -fomit-frame-pointer -Wall    conftest.c -lcrypto   >&5
configure:2388: $? = 0
configure:2391: test -s conftest
configure:2394: $? = 0
configure:2405: result: yes
configure:2420: checking for BF_cfb64_encrypt in -lcrypto
configure:2453: gcc -o conftest -O2 -funroll-loops -fomit-frame-pointer -Wall    conftest.c -lcrypto   >&5
configure:2456: $? = 0
configure:2459: test -s conftest
configure:2462: $? = 0
configure:2473: result: yes
configure:2494: checking how to run the C preprocessor
configure:2520: gcc -E  conftest.c
configure:2526: $? = 0
configure:2553: gcc -E  conftest.c
configure:2549: ac_nonexistent.h: No such file or directory
configure:2559: $? = 1
configure: failed program was:
#line 2548 "configure"
#include "confdefs.h"
#include <ac_nonexistent.h>
configure:2596: result: gcc -E
configure:2611: gcc -E  conftest.c
configure:2617: $? = 0
configure:2644: gcc -E  conftest.c
configure:2640: ac_nonexistent.h: No such file or directory
configure:2650: $? = 1
configure: failed program was:
#line 2639 "configure"
#include "confdefs.h"
#include <ac_nonexistent.h>
configure:2690: checking for ANSI C header files
configure:2704: gcc -E  conftest.c
configure:2710: $? = 0
configure:2795: gcc -o conftest -O2 -funroll-loops -fomit-frame-pointer -Wall    conftest.c  >&5
configure:2798: $? = 0
configure:2800: ./conftest
configure:2803: $? = 0
configure:2817: result: yes
configure:2842: checking for sys/types.h
configure:2855: gcc -c -O2 -funroll-loops -fomit-frame-pointer -Wall   conftest.c >&5
configure:2858: $? = 0
configure:2861: test -s conftest.o
configure:2864: $? = 0
configure:2874: result: yes
configure:2842: checking for sys/stat.h
configure:2855: gcc -c -O2 -funroll-loops -fomit-frame-pointer -Wall   conftest.c >&5
configure:2858: $? = 0
configure:2861: test -s conftest.o
configure:2864: $? = 0
configure:2874: result: yes
configure:2842: checking for stdlib.h
configure:2855: gcc -c -O2 -funroll-loops -fomit-frame-pointer -Wall   conftest.c >&5
configure:2858: $? = 0
configure:2861: test -s conftest.o
configure:2864: $? = 0
configure:2874: result: yes
configure:2842: checking for string.h
configure:2855: gcc -c -O2 -funroll-loops -fomit-frame-pointer -Wall   conftest.c >&5
configure:2858: $? = 0
configure:2861: test -s conftest.o
configure:2864: $? = 0
configure:2874: result: yes
configure:2842: checking for memory.h
configure:2855: gcc -c -O2 -funroll-loops -fomit-frame-pointer -Wall   conftest.c >&5
configure:2858: $? = 0
configure:2861: test -s conftest.o
configure:2864: $? = 0
configure:2874: result: yes
configure:2842: checking for strings.h
configure:2855: gcc -c -O2 -funroll-loops -fomit-frame-pointer -Wall   conftest.c >&5
configure:2858: $? = 0
configure:2861: test -s conftest.o
configure:2864: $? = 0
configure:2874: result: yes
configure:2842: checking for inttypes.h
configure:2855: gcc -c -O2 -funroll-loops -fomit-frame-pointer -Wall   conftest.c >&5
configure:2858: $? = 0
configure:2861: test -s conftest.o
configure:2864: $? = 0
configure:2874: result: yes
configure:2842: checking for stdint.h
configure:2855: gcc -c -O2 -funroll-loops -fomit-frame-pointer -Wall   conftest.c >&5
configure:2858: $? = 0
configure:2861: test -s conftest.o
configure:2864: $? = 0
configure:2874: result: yes
configure:2842: checking for unistd.h
configure:2855: gcc -c -O2 -funroll-loops -fomit-frame-pointer -Wall   conftest.c >&5
configure:2858: $? = 0
configure:2861: test -s conftest.o
configure:2864: $? = 0
configure:2874: result: yes
configure:2889: checking for pcap header no regular directories
configure:2899: result: not found
configure:2922: checking net/bpf.h usability
configure:2931: gcc -c -O2 -funroll-loops -fomit-frame-pointer -Wall    conftest.c >&5
configure:2934: $? = 0
configure:2937: test -s conftest.o
configure:2940: $? = 0
configure:2949: result: yes
configure:2953: checking net/bpf.h presence
configure:2960: gcc -E   conftest.c
configure:2966: $? = 0
configure:2984: result: yes
configure:3002: checking for net/bpf.h
configure:3009: result: yes
configure:3032: checking pcap.h usability
configure:3041: gcc -c -O2 -funroll-loops -fomit-frame-pointer -Wall    conftest.c >&5
configure:3044: $? = 0
configure:3047: test -s conftest.o
configure:3050: $? = 0
configure:3059: result: yes
configure:3063: checking pcap.h presence
configure:3070: gcc -E   conftest.c
configure:3076: $? = 0
configure:3094: result: yes
configure:3112: checking for pcap.h
configure:3119: result: yes
configure:3138: checking for openssl header no regular directories
configure:3151: result: found  -I/usr/local/include/openssl
configure:3190: checking errno.h usability
configure:3199: gcc -c -O2 -funroll-loops -fomit-frame-pointer -Wall    conftest.c >&5
configure:3202: $? = 0
configure:3205: test -s conftest.o
configure:3208: $? = 0
configure:3217: result: yes
configure:3221: checking errno.h presence
configure:3228: gcc -E   conftest.c
configure:3234: $? = 0
configure:3252: result: yes
configure:3270: checking for errno.h
configure:3277: result: yes
configure:3190: checking pcap-int.h usability
configure:3199: gcc -c -O2 -funroll-loops -fomit-frame-pointer -Wall    conftest.c >&5
configure:3227: pcap-int.h: No such file or directory
configure:3202: $? = 1
configure: failed program was:
#line 3192 "configure"
#include "confdefs.h"
#include <stdio.h>
#if HAVE_SYS_TYPES_H
# include <sys/types.h>
#endif
#if HAVE_SYS_STAT_H
# include <sys/stat.h>
#endif
#if STDC_HEADERS
# include <stdlib.h>
# include <stddef.h>
#else
# if HAVE_STDLIB_H
#  include <stdlib.h>
# endif
#endif
#if HAVE_STRING_H
# if !STDC_HEADERS && HAVE_MEMORY_H
#  include <memory.h>
# endif
# include <string.h>
#endif
#if HAVE_STRINGS_H
# include <strings.h>
#endif
#if HAVE_INTTYPES_H
# include <inttypes.h>
#else
# if HAVE_STDINT_H
#  include <stdint.h>
# endif
#endif
#if HAVE_UNISTD_H
# include <unistd.h>
#endif
#include <pcap-int.h>
configure:3217: result: no
configure:3221: checking pcap-int.h presence
configure:3228: gcc -E   conftest.c
configure:3224: pcap-int.h: No such file or directory
configure:3234: $? = 1
configure: failed program was:
#line 3223 "configure"
#include "confdefs.h"
#include <pcap-int.h>
configure:3252: result: no
configure:3270: checking for pcap-int.h
configure:3277: result: no
configure:3190: checking arpa/inet.h usability
configure:3199: gcc -c -O2 -funroll-loops -fomit-frame-pointer -Wall    conftest.c >&5
configure:3202: $? = 0
configure:3205: test -s conftest.o
configure:3208: $? = 0
configure:3217: result: yes
configure:3221: checking arpa/inet.h presence
configure:3228: gcc -E   conftest.c
configure:3234: $? = 0
configure:3252: result: yes
configure:3270: checking for arpa/inet.h
configure:3277: result: yes
configure:3190: checking fcntl.h usability
configure:3199: gcc -c -O2 -funroll-loops -fomit-frame-pointer -Wall    conftest.c >&5
configure:3202: $? = 0
configure:3205: test -s conftest.o
configure:3208: $? = 0
configure:3217: result: yes
configure:3221: checking fcntl.h presence
configure:3228: gcc -E   conftest.c
configure:3234: $? = 0
configure:3252: result: yes
configure:3270: checking for fcntl.h
configure:3277: result: yes
configure:3190: checking netdb.h usability
configure:3199: gcc -c -O2 -funroll-loops -fomit-frame-pointer -Wall    conftest.c >&5
configure:3202: $? = 0
configure:3205: test -s conftest.o
configure:3208: $? = 0
configure:3217: result: yes
configure:3221: checking netdb.h presence
configure:3228: gcc -E   conftest.c
configure:3234: $? = 0
configure:3252: result: yes
configure:3270: checking for netdb.h
configure:3277: result: yes
configure:3190: checking netinet/in.h usability
configure:3199: gcc -c -O2 -funroll-loops -fomit-frame-pointer -Wall    conftest.c >&5
configure:3202: $? = 0
configure:3205: test -s conftest.o
configure:3208: $? = 0
configure:3217: result: yes
configure:3221: checking netinet/in.h presence
configure:3228: gcc -E   conftest.c
configure:3234: $? = 0
configure:3252: result: yes
configure:3270: checking for netinet/in.h
configure:3277: result: yes
configure:3181: checking for stdlib.h
configure:3186: result: yes
configure:3181: checking for string.h
configure:3186: result: yes
configure:3190: checking sys/ioctl.h usability
configure:3199: gcc -c -O2 -funroll-loops -fomit-frame-pointer -Wall    conftest.c >&5
configure:3202: $? = 0
configure:3205: test -s conftest.o
configure:3208: $? = 0
configure:3217: result: yes
configure:3221: checking sys/ioctl.h presence
configure:3228: gcc -E   conftest.c
configure:3234: $? = 0
configure:3252: result: yes
configure:3270: checking for sys/ioctl.h
configure:3277: result: yes
configure:3190: checking sys/socket.h usability
configure:3199: gcc -c -O2 -funroll-loops -fomit-frame-pointer -Wall    conftest.c >&5
configure:3202: $? = 0
configure:3205: test -s conftest.o
configure:3208: $? = 0
configure:3217: result: yes
configure:3221: checking sys/socket.h presence
configure:3228: gcc -E   conftest.c
configure:3234: $? = 0
configure:3252: result: yes
configure:3270: checking for sys/socket.h
configure:3277: result: yes
configure:3190: checking sys/time.h usability
configure:3199: gcc -c -O2 -funroll-loops -fomit-frame-pointer -Wall    conftest.c >&5
configure:3202: $? = 0
configure:3205: test -s conftest.o
configure:3208: $? = 0
configure:3217: result: yes
configure:3221: checking sys/time.h presence
configure:3228: gcc -E   conftest.c
configure:3234: $? = 0
configure:3252: result: yes
configure:3270: checking for sys/time.h
configure:3277: result: yes
configure:3190: checking termios.h usability
configure:3199: gcc -c -O2 -funroll-loops -fomit-frame-pointer -Wall    conftest.c >&5
configure:3202: $? = 0
configure:3205: test -s conftest.o
configure:3208: $? = 0
configure:3217: result: yes
configure:3221: checking termios.h presence
configure:3228: gcc -E   conftest.c
configure:3234: $? = 0
configure:3252: result: yes
configure:3270: checking for termios.h
configure:3277: result: yes
configure:3181: checking for unistd.h
configure:3186: result: yes
configure:3190: checking netinet/ip.h usability
configure:3199: gcc -c -O2 -funroll-loops -fomit-frame-pointer -Wall    conftest.c >&5
configure:3202: $? = 0
configure:3205: test -s conftest.o
configure:3208: $? = 0
configure:3217: result: yes
configure:3221: checking netinet/ip.h presence
configure:3228: gcc -E   conftest.c
configure:3234: $? = 0
configure:3252: result: yes
configure:3270: checking for netinet/ip.h
configure:3277: result: yes
configure:3190: checking netinet/tcp.h usability
configure:3199: gcc -c -O2 -funroll-loops -fomit-frame-pointer -Wall    conftest.c >&5
configure:3202: $? = 0
configure:3205: test -s conftest.o
configure:3208: $? = 0
configure:3217: result: yes
configure:3221: checking netinet/tcp.h presence
configure:3228: gcc -E   conftest.c
configure:3234: $? = 0
configure:3252: result: yes
configure:3270: checking for netinet/tcp.h
configure:3277: result: yes
configure:3190: checking netinet/udp.h usability
configure:3199: gcc -c -O2 -funroll-loops -fomit-frame-pointer -Wall    conftest.c >&5
configure:3202: $? = 0
configure:3205: test -s conftest.o
configure:3208: $? = 0
configure:3217: result: yes
configure:3221: checking netinet/udp.h presence
configure:3228: gcc -E   conftest.c
configure:3234: $? = 0
configure:3252: result: yes
configure:3270: checking for netinet/udp.h
configure:3277: result: yes
configure:3190: checking blowfish.h usability
configure:3199: gcc -c -O2 -funroll-loops -fomit-frame-pointer -Wall    conftest.c >&5
configure:3227: blowfish.h: No such file or directory
configure:3202: $? = 1
configure: failed program was:
#line 3192 "configure"
#include "confdefs.h"
#include <stdio.h>
#if HAVE_SYS_TYPES_H
# include <sys/types.h>
#endif
#if HAVE_SYS_STAT_H
# include <sys/stat.h>
#endif
#if STDC_HEADERS
# include <stdlib.h>
# include <stddef.h>
#else
# if HAVE_STDLIB_H
#  include <stdlib.h>
# endif
#endif
#if HAVE_STRING_H
# if !STDC_HEADERS && HAVE_MEMORY_H
#  include <memory.h>
# endif
# include <string.h>
#endif
#if HAVE_STRINGS_H
# include <strings.h>
#endif
#if HAVE_INTTYPES_H
# include <inttypes.h>
#else
# if HAVE_STDINT_H
#  include <stdint.h>
# endif
#endif
#if HAVE_UNISTD_H
# include <unistd.h>
#endif
#include <blowfish.h>
configure:3217: result: no
configure:3221: checking blowfish.h presence
configure:3228: gcc -E   conftest.c
configure:3224: blowfish.h: No such file or directory
configure:3234: $? = 1
configure: failed program was:
#line 3223 "configure"
#include "confdefs.h"
#include <blowfish.h>
configure:3252: result: no
configure:3270: checking for blowfish.h
configure:3277: result: no
configure:3305: checking queue.h usability
configure:3314: gcc -c -O2 -funroll-loops -fomit-frame-pointer -Wall    conftest.c >&5
configure:3342: queue.h: No such file or directory
configure:3317: $? = 1
configure: failed program was:
#line 3307 "configure"
#include "confdefs.h"
#include <stdio.h>
#if HAVE_SYS_TYPES_H
# include <sys/types.h>
#endif
#if HAVE_SYS_STAT_H
# include <sys/stat.h>
#endif
#if STDC_HEADERS
# include <stdlib.h>
# include <stddef.h>
#else
# if HAVE_STDLIB_H
#  include <stdlib.h>
# endif
#endif
#if HAVE_STRING_H
# if !STDC_HEADERS && HAVE_MEMORY_H
#  include <memory.h>
# endif
# include <string.h>
#endif
#if HAVE_STRINGS_H
# include <strings.h>
#endif
#if HAVE_INTTYPES_H
# include <inttypes.h>
#else
# if HAVE_STDINT_H
#  include <stdint.h>
# endif
#endif
#if HAVE_UNISTD_H
# include <unistd.h>
#endif
#include <queue.h>
configure:3332: result: no
configure:3336: checking queue.h presence
configure:3343: gcc -E   conftest.c
configure:3339: queue.h: No such file or directory
configure:3349: $? = 1
configure: failed program was:
#line 3338 "configure"
#include "confdefs.h"
#include <queue.h>
configure:3367: result: no
configure:3385: checking for queue.h
configure:3392: result: no
configure:3407: checking for gcc option to accept ANSI C
configure:3470: gcc  -c -O2 -funroll-loops -fomit-frame-pointer -Wall    conftest.c >&5
configure:3473: $? = 0
configure:3476: test -s conftest.o
configure:3479: $? = 0
configure:3496: result: none needed
configure:3504: checking for an ANSI C-conforming const
configure:3574: gcc -c -O2 -funroll-loops -fomit-frame-pointer -Wall    conftest.c >&5
configure: In function `main':
configure:3543: warning: unused variable `s'
configure:3563: warning: unused variable `foo'
configure:3530: warning: unused variable `zero'
configure:3524: warning: unused variable `x'
configure:3542: warning: `t' might be used uninitialized in this function
configure:3560: warning: `b' might be used uninitialized in this function
configure:3577: $? = 0
configure:3580: test -s conftest.o
configure:3583: $? = 0
configure:3593: result: yes
configure:3603: checking for size_t
configure:3630: gcc -c -O2 -funroll-loops -fomit-frame-pointer -Wall    conftest.c >&5
configure:3633: $? = 0
configure:3636: test -s conftest.o
configure:3639: $? = 0
configure:3649: result: yes
configure:3661: checking whether time.h and sys/time.h may both be included
configure:3689: gcc -c -O2 -funroll-loops -fomit-frame-pointer -Wall    conftest.c >&5
configure:3692: $? = 0
configure:3695: test -s conftest.o
configure:3698: $? = 0
configure:3708: result: yes
configure:3721: checking whether gcc needs -traditional
configure:3757: result: no
configure:3769: checking for stdlib.h
configure:3774: result: yes
configure:3878: checking for working malloc
configure:3910: gcc -o conftest -O2 -funroll-loops -fomit-frame-pointer -Wall     conftest.c  >&5
configure:3913: $? = 0
configure:3915: ./conftest
configure:3918: $? = 0
configure:3931: result: yes
configure:3941: checking for working memcmp
configure:3992: gcc -o conftest -O2 -funroll-loops -fomit-frame-pointer -Wall     conftest.c  >&5
configure:3995: $? = 0
configure:3997: ./conftest
configure:4000: $? = 0
configure:4013: result: yes
configure:4021: checking for vprintf
configure:4064: gcc -o conftest -O2 -funroll-loops -fomit-frame-pointer -Wall     conftest.c  >&5
configure:4067: $? = 0
configure:4070: test -s conftest
configure:4073: $? = 0
configure:4083: result: yes
configure:4090: checking for _doprnt
configure:4133: gcc -o conftest -O2 -funroll-loops -fomit-frame-pointer -Wall     conftest.c  >&5
/tmp/ccZDGGi6.o: In function `main':
/tmp/ccZDGGi6.o(.text+0x6): undefined reference to `_doprnt'
collect2: ld returned 1 exit status
configure:4136: $? = 1
configure: failed program was:
#line 4095 "configure"
#include "confdefs.h"
/* System header to define __stub macros and hopefully few prototypes,
    which can conflict with char _doprnt (); below.  */
#include <assert.h>
/* Override any gcc2 internal prototype to avoid an error.  */
#ifdef __cplusplus
extern "C"
#endif
/* We use char because int might match the return type of a gcc2
   builtin and then its argument prototype would still apply.  */
char _doprnt ();
char (*f) ();

#ifdef F77_DUMMY_MAIN
#  ifdef __cplusplus
     extern "C"
#  endif
   int F77_DUMMY_MAIN() { return 1; }
#endif
int
main ()
{
/* The GNU C library defines this for functions which it implements
    to always fail with ENOSYS.  Some functions are actually named
    something starting with __ and the normal name is an alias.  */
#if defined (__stub__doprnt) || defined (__stub____doprnt)
choke me
#else
f = _doprnt;
#endif

  ;
  return 0;
}
configure:4152: result: no
configure:4180: checking for gethostbyname
configure:4223: gcc -o conftest -O2 -funroll-loops -fomit-frame-pointer -Wall     conftest.c  >&5
configure:4226: $? = 0
configure:4229: test -s conftest
configure:4232: $? = 0
configure:4242: result: yes
configure:4180: checking for gettimeofday
configure:4223: gcc -o conftest -O2 -funroll-loops -fomit-frame-pointer -Wall     conftest.c  >&5
configure:4226: $? = 0
configure:4229: test -s conftest
configure:4232: $? = 0
configure:4242: result: yes
configure:4180: checking for inet_ntoa
configure:4223: gcc -o conftest -O2 -funroll-loops -fomit-frame-pointer -Wall     conftest.c  >&5
configure:4226: $? = 0
configure:4229: test -s conftest
configure:4232: $? = 0
configure:4242: result: yes
configure:4180: checking for memset
configure:4223: gcc -o conftest -O2 -funroll-loops -fomit-frame-pointer -Wall     conftest.c  >&5
configure:4195: warning: conflicting types for built-in function `memset'
configure:4226: $? = 0
configure:4229: test -s conftest
configure:4232: $? = 0
configure:4242: result: yes
configure:4180: checking for select
configure:4223: gcc -o conftest -O2 -funroll-loops -fomit-frame-pointer -Wall     conftest.c  >&5
configure:4226: $? = 0
configure:4229: test -s conftest
configure:4232: $? = 0
configure:4242: result: yes
configure:4180: checking for socket
configure:4223: gcc -o conftest -O2 -funroll-loops -fomit-frame-pointer -Wall     conftest.c  >&5
configure:4226: $? = 0
configure:4229: test -s conftest
configure:4232: $? = 0
configure:4242: result: yes
configure:4180: checking for strcasecmp
configure:4223: gcc -o conftest -O2 -funroll-loops -fomit-frame-pointer -Wall     conftest.c  >&5
configure:4226: $? = 0
configure:4229: test -s conftest
configure:4232: $? = 0
configure:4242: result: yes
configure:4180: checking for strdup
configure:4223: gcc -o conftest -O2 -funroll-loops -fomit-frame-pointer -Wall     conftest.c  >&5
configure:4226: $? = 0
configure:4229: test -s conftest
configure:4232: $? = 0
configure:4242: result: yes
configure:4180: checking for strerror
configure:4223: gcc -o conftest -O2 -funroll-loops -fomit-frame-pointer -Wall     conftest.c  >&5
configure:4226: $? = 0
configure:4229: test -s conftest
configure:4232: $? = 0
configure:4242: result: yes
configure:4180: checking for vprintf
configure:4242: result: yes
configure:4180: checking for getdtablesize
configure:4223: gcc -o conftest -O2 -funroll-loops -fomit-frame-pointer -Wall     conftest.c  >&5
configure:4226: $? = 0
configure:4229: test -s conftest
configure:4232: $? = 0
configure:4242: result: yes
configure:4261: checking if --enable-debug option is specified
configure:4281: result: no. Disabled by default.
configure:4294: checking for "/dev/urandom"
configure:4309: result: yes
configure:4427: creating ./config.status

## ---------------------- ##
## Running config.status. ##
## ---------------------- ##

This file was extended by libimbw config.status x, which was
generated by GNU Autoconf 2.53.  Invocation command line was

  CONFIG_FILES    = 
  CONFIG_HEADERS  = 
  CONFIG_LINKS    = 
  CONFIG_COMMANDS = 
  $ ./config.status 

on smeagol

config.status:583: creating Makefile
config.status:583: creating src/Makefile
config.status:583: creating libimbw-config
config.status:583: creating libimbw-checkv
config.status:686: creating include/config.h

## ---------------- ##
## Cache variables. ##
## ---------------- ##

ac_cv_build=i686-pc-linux-gnu
ac_cv_build_alias=i686-pc-linux-gnu
ac_cv_c_compiler_gnu=yes
ac_cv_c_const=yes
ac_cv_env_CC_set=
ac_cv_env_CC_value=
ac_cv_env_CFLAGS_set=
ac_cv_env_CFLAGS_value=
ac_cv_env_CPPFLAGS_set=
ac_cv_env_CPPFLAGS_value=
ac_cv_env_CPP_set=
ac_cv_env_CPP_value=
ac_cv_env_LDFLAGS_set=
ac_cv_env_LDFLAGS_value=
ac_cv_env_build_alias_set=
ac_cv_env_build_alias_value=
ac_cv_env_host_alias_set=
ac_cv_env_host_alias_value=
ac_cv_env_target_alias_set=
ac_cv_env_target_alias_value=
ac_cv_exeext=
ac_cv_file___dev_urandom_=yes
ac_cv_func__doprnt=no
ac_cv_func_getdtablesize=yes
ac_cv_func_gethostbyname=yes
ac_cv_func_gettimeofday=yes
ac_cv_func_inet_ntoa=yes
ac_cv_func_malloc_works=yes
ac_cv_func_memcmp_working=yes
ac_cv_func_memset=yes
ac_cv_func_select=yes
ac_cv_func_socket=yes
ac_cv_func_strcasecmp=yes
ac_cv_func_strdup=yes
ac_cv_func_strerror=yes
ac_cv_func_vprintf=yes
ac_cv_header_arpa_inet_h=yes
ac_cv_header_blowfish_h=no
ac_cv_header_errno_h=yes
ac_cv_header_fcntl_h=yes
ac_cv_header_inttypes_h=yes
ac_cv_header_memory_h=yes
ac_cv_header_net_bpf_h=yes
ac_cv_header_netdb_h=yes
ac_cv_header_netinet_in_h=yes
ac_cv_header_netinet_ip_h=yes
ac_cv_header_netinet_tcp_h=yes
ac_cv_header_netinet_udp_h=yes
ac_cv_header_pcap_h=yes
ac_cv_header_pcap_int_h=no
ac_cv_header_queue_h=no
ac_cv_header_stdc=yes
ac_cv_header_stdint_h=yes
ac_cv_header_stdlib_h=yes
ac_cv_header_string_h=yes
ac_cv_header_strings_h=yes
ac_cv_header_sys_ioctl_h=yes
ac_cv_header_sys_socket_h=yes
ac_cv_header_sys_stat_h=yes
ac_cv_header_sys_time_h=yes
ac_cv_header_sys_types_h=yes
ac_cv_header_termios_h=yes
ac_cv_header_time=yes
ac_cv_header_unistd_h=yes
ac_cv_host=i686-pc-linux-gnu
ac_cv_host_alias=i686-pc-linux-gnu
ac_cv_imbw_debug=no
ac_cv_lib_crypto_BF_cfb64_encrypt=yes
ac_cv_lib_crypto_BF_set_key=yes
ac_cv_lib_pcap_pcap_open_live=yes
ac_cv_lib_pthread_pthread_create=yes
ac_cv_objext=o
ac_cv_prog_AR=ar
ac_cv_prog_CPP='gcc -E'
ac_cv_prog_ac_ct_CC=gcc
ac_cv_prog_cc_g=yes
ac_cv_prog_cc_stdc=
ac_cv_prog_gcc_traditional=no
ac_cv_prog_make_make_set=yes
ac_cv_type_size_t=yes

## ----------- ##
## confdefs.h. ##
## ----------- ##

#define PACKAGE_NAME "libimbw"
#define PACKAGE_TARNAME "libimbw"
#define PACKAGE_VERSION "x"
#define PACKAGE_STRING "libimbw x"
#define PACKAGE_BUGREPORT "Dallachiesa Michele <xenion@antifork.org>"
#define STDC_HEADERS 1
#define HAVE_SYS_TYPES_H 1
#define HAVE_SYS_STAT_H 1
#define HAVE_STDLIB_H 1
#define HAVE_STRING_H 1
#define HAVE_MEMORY_H 1
#define HAVE_STRINGS_H 1
#define HAVE_INTTYPES_H 1
#define HAVE_STDINT_H 1
#define HAVE_UNISTD_H 1
#define HAVE_ERRNO_H 1
#define HAVE_ARPA_INET_H 1
#define HAVE_FCNTL_H 1
#define HAVE_NETDB_H 1
#define HAVE_NETINET_IN_H 1
#define HAVE_STDLIB_H 1
#define HAVE_STRING_H 1
#define HAVE_SYS_IOCTL_H 1
#define HAVE_SYS_SOCKET_H 1
#define HAVE_SYS_TIME_H 1
#define HAVE_TERMIOS_H 1
#define HAVE_UNISTD_H 1
#define HAVE_NETINET_IP_H 1
#define HAVE_NETINET_TCP_H 1
#define HAVE_NETINET_UDP_H 1
#define TIME_WITH_SYS_TIME 1
#define HAVE_STDLIB_H 1
#define HAVE_MALLOC 1
#define HAVE_VPRINTF 1
#define HAVE_GETHOSTBYNAME 1
#define HAVE_GETTIMEOFDAY 1
#define HAVE_INET_NTOA 1
#define HAVE_MEMSET 1
#define HAVE_SELECT 1
#define HAVE_SOCKET 1
#define HAVE_STRCASECMP 1
#define HAVE_STRDUP 1
#define HAVE_STRERROR 1
#define HAVE_VPRINTF 1
#define HAVE_GETDTABLESIZE 1
#define RANDOM_FILE "/dev/urandom"

configure: exit 0
